
  .   ____          _            __ _ _
 /\\ / ___'_ __ _ _(_)_ __  __ _ \ \ \ \
( ( )\___ | '_ | '_| | '_ \/ _` | \ \ \ \
 \\/  ___)| |_)| | | | | || (_| |  ) ) ) )
  '  |____| .__|_| |_|_| |_\__, | / / / /
 =========|_|==============|___/=/_/_/_/
 :: Spring Boot ::        (v2.1.7.RELEASE)

2023-06-09 18:29:14.736  INFO 29028 --- [           main] dastroClienteItauPersonnaliteApplication : Starting CadastroClienteItauPersonnaliteApplication v0.0.1-SNAPSHOT on Marcel with PID 29028 (D:\Marcel\Desenvolvimento Software\Projetos Java\Projetos\CadastroClienteItauPersonnalite\CadastroClienteItauPersonnalite-0.0.1-SNAPSHOT.jar started by MARCEL$ in D:\Marcel\Desenvolvimento Software\Projetos Java\Projetos\CadastroClienteItauPersonnalite)
2023-06-09 18:29:14.738  INFO 29028 --- [           main] dastroClienteItauPersonnaliteApplication : No active profile set, falling back to default profiles: default
2023-06-09 18:29:15.565  INFO 29028 --- [           main] .s.d.r.c.RepositoryConfigurationDelegate : Bootstrapping Spring Data repositories in DEFAULT mode.
2023-06-09 18:29:15.619  INFO 29028 --- [           main] .s.d.r.c.RepositoryConfigurationDelegate : Finished Spring Data repository scanning in 46ms. Found 2 repository interfaces.
2023-06-09 18:29:15.898  INFO 29028 --- [           main] trationDelegate$BeanPostProcessorChecker : Bean 'org.springframework.transaction.annotation.ProxyTransactionManagementConfiguration' of type [org.springframework.transaction.annotation.ProxyTransactionManagementConfiguration$$EnhancerBySpringCGLIB$$a5df0e76] is not eligible for getting processed by all BeanPostProcessors (for example: not eligible for auto-proxying)
2023-06-09 18:29:16.271  INFO 29028 --- [           main] o.s.b.w.embedded.tomcat.TomcatWebServer  : Tomcat initialized with port(s): 8080 (http)
2023-06-09 18:29:16.298  INFO 29028 --- [           main] o.apache.catalina.core.StandardService   : Starting service [Tomcat]
2023-06-09 18:29:16.298  INFO 29028 --- [           main] org.apache.catalina.core.StandardEngine  : Starting Servlet engine: [Apache Tomcat/9.0.22]
2023-06-09 18:29:16.400  INFO 29028 --- [           main] o.a.c.c.C.[Tomcat].[localhost].[/]       : Initializing Spring embedded WebApplicationContext
2023-06-09 18:29:16.400  INFO 29028 --- [           main] o.s.web.context.ContextLoader            : Root WebApplicationContext: initialization completed in 1620 ms
2023-06-09 18:29:16.682  INFO 29028 --- [           main] com.zaxxer.hikari.HikariDataSource       : HikariPool-1 - Starting...
2023-06-09 18:29:16.896  INFO 29028 --- [           main] com.zaxxer.hikari.HikariDataSource       : HikariPool-1 - Start completed.
2023-06-09 18:29:16.954  INFO 29028 --- [           main] o.hibernate.jpa.internal.util.LogHelper  : HHH000204: Processing PersistenceUnitInfo [
	name: default
	...]
2023-06-09 18:29:17.019  INFO 29028 --- [           main] org.hibernate.Version                    : HHH000412: Hibernate Core {5.3.10.Final}
2023-06-09 18:29:17.021  INFO 29028 --- [           main] org.hibernate.cfg.Environment            : HHH000206: hibernate.properties not found
2023-06-09 18:29:17.183  INFO 29028 --- [           main] o.hibernate.annotations.common.Version   : HCANN000001: Hibernate Commons Annotations {5.0.4.Final}
2023-06-09 18:29:17.491  INFO 29028 --- [           main] org.hibernate.dialect.Dialect            : HHH000400: Using dialect: org.hibernate.dialect.H2Dialect
Hibernate: drop table habilidade if exists
Hibernate: drop table usuario if exists
Hibernate: create table habilidade (id bigint generated by default as identity, nome varchar(255) not null, usuario_id bigint, primary key (id))
Hibernate: create table usuario (id bigint generated by default as identity, cpf varchar(255) not null, data_nascimento date not null, email varchar(255) not null, endereco varchar(255) not null, nome varchar(255) not null, primary key (id))
Hibernate: alter table habilidade add constraint FKavrwqo94oi61e83nxsk9hq3a3 foreign key (usuario_id) references usuario
2023-06-09 18:29:18.271  INFO 29028 --- [           main] o.h.t.schema.internal.SchemaCreatorImpl  : HHH000476: Executing import script 'org.hibernate.tool.schema.internal.exec.ScriptSourceInputNonExistentImpl@57576994'
2023-06-09 18:29:18.275  INFO 29028 --- [           main] j.LocalContainerEntityManagerFactoryBean : Initialized JPA EntityManagerFactory for persistence unit 'default'
2023-06-09 18:29:18.961  WARN 29028 --- [           main] aWebConfiguration$JpaWebMvcConfiguration : spring.jpa.open-in-view is enabled by default. Therefore, database queries may be performed during view rendering. Explicitly configure spring.jpa.open-in-view to disable this warning
2023-06-09 18:29:19.429  INFO 29028 --- [           main] o.s.s.concurrent.ThreadPoolTaskExecutor  : Initializing ExecutorService 'applicationTaskExecutor'
2023-06-09 18:29:19.623  INFO 29028 --- [           main] d.s.w.p.DocumentationPluginsBootstrapper : Context refreshed
2023-06-09 18:29:19.642  INFO 29028 --- [           main] d.s.w.p.DocumentationPluginsBootstrapper : Found 1 custom documentation plugin(s)
2023-06-09 18:29:19.653  INFO 29028 --- [           main] s.d.s.w.s.ApiListingReferenceScanner     : Scanning for api listing references
2023-06-09 18:29:19.854  INFO 29028 --- [           main] .d.s.w.r.o.CachingOperationNameGenerator : Generating unique operation named: atualizarUsingPUT_1
2023-06-09 18:29:19.916  INFO 29028 --- [           main] o.s.b.w.embedded.tomcat.TomcatWebServer  : Tomcat started on port(s): 8080 (http) with context path ''
2023-06-09 18:29:19.919  INFO 29028 --- [           main] dastroClienteItauPersonnaliteApplication : Started CadastroClienteItauPersonnaliteApplication in 5.524 seconds (JVM running for 6.1)
2023-06-09 18:30:02.144  INFO 29028 --- [nio-8080-exec-2] o.a.c.c.C.[Tomcat].[localhost].[/]       : Initializing Spring DispatcherServlet 'dispatcherServlet'
2023-06-09 18:30:02.144  INFO 29028 --- [nio-8080-exec-2] o.s.web.servlet.DispatcherServlet        : Initializing Servlet 'dispatcherServlet'
2023-06-09 18:30:02.151  INFO 29028 --- [nio-8080-exec-2] o.s.web.servlet.DispatcherServlet        : Completed initialization in 7 ms
2023-06-09 18:30:02.358  INFO 29028 --- [nio-8080-exec-2] o.h.h.i.QueryTranslatorFactoryInitiator  : HHH000397: Using ASTQueryTranslatorFactory
Hibernate: select usuario0_.id as id1_1_, usuario0_.cpf as cpf2_1_, usuario0_.data_nascimento as data_nas3_1_, usuario0_.email as email4_1_, usuario0_.endereco as endereco5_1_, usuario0_.nome as nome6_1_ from usuario usuario0_ where usuario0_.cpf=?
Hibernate: select usuario0_.id as id1_1_, usuario0_.cpf as cpf2_1_, usuario0_.data_nascimento as data_nas3_1_, usuario0_.email as email4_1_, usuario0_.endereco as endereco5_1_, usuario0_.nome as nome6_1_ from usuario usuario0_ where usuario0_.email=?
Hibernate: insert into usuario (id, cpf, data_nascimento, email, endereco, nome) values (null, ?, ?, ?, ?, ?)
Hibernate: insert into habilidade (id, nome, usuario_id) values (null, ?, ?)
Hibernate: select usuario0_.id as id1_1_, usuario0_.cpf as cpf2_1_, usuario0_.data_nascimento as data_nas3_1_, usuario0_.email as email4_1_, usuario0_.endereco as endereco5_1_, usuario0_.nome as nome6_1_ from usuario usuario0_ where usuario0_.cpf=?
Hibernate: select habilidade0_.usuario_id as usuario_3_0_0_, habilidade0_.id as id1_0_0_, habilidade0_.id as id1_0_1_, habilidade0_.nome as nome2_0_1_, habilidade0_.usuario_id as usuario_3_0_1_ from habilidade habilidade0_ where habilidade0_.usuario_id=?
Hibernate: select usuario0_.id as id1_1_, usuario0_.cpf as cpf2_1_, usuario0_.data_nascimento as data_nas3_1_, usuario0_.email as email4_1_, usuario0_.endereco as endereco5_1_, usuario0_.nome as nome6_1_ from usuario usuario0_ where usuario0_.email=?
Hibernate: select habilidade0_.usuario_id as usuario_3_0_0_, habilidade0_.id as id1_0_0_, habilidade0_.id as id1_0_1_, habilidade0_.nome as nome2_0_1_, habilidade0_.usuario_id as usuario_3_0_1_ from habilidade habilidade0_ where habilidade0_.usuario_id=?

  .   ____          _            __ _ _
 /\\ / ___'_ __ _ _(_)_ __  __ _ \ \ \ \
( ( )\___ | '_ | '_| | '_ \/ _` | \ \ \ \
 \\/  ___)| |_)| | | | | || (_| |  ) ) ) )
  '  |____| .__|_| |_|_| |_\__, | / / / /
 =========|_|==============|___/=/_/_/_/
 :: Spring Boot ::        (v2.1.7.RELEASE)

2023-06-09 18:36:32.817  INFO 5700 --- [           main] dastroClienteItauPersonnaliteApplication : Starting CadastroClienteItauPersonnaliteApplication v0.0.1-SNAPSHOT on Marcel with PID 5700 (D:\Marcel\Desenvolvimento Software\Projetos Java\Projetos\CadastroClienteItauPersonnalite\CadastroClienteItauPersonnalite-0.0.1-SNAPSHOT.jar started by MARCEL$ in D:\Marcel\Desenvolvimento Software\Projetos Java\Projetos\CadastroClienteItauPersonnalite)
2023-06-09 18:36:32.849  INFO 5700 --- [           main] dastroClienteItauPersonnaliteApplication : No active profile set, falling back to default profiles: default
2023-06-09 18:36:37.616  INFO 5700 --- [           main] .s.d.r.c.RepositoryConfigurationDelegate : Bootstrapping Spring Data repositories in DEFAULT mode.
2023-06-09 18:36:37.912  INFO 5700 --- [           main] .s.d.r.c.RepositoryConfigurationDelegate : Finished Spring Data repository scanning in 250ms. Found 2 repository interfaces.
2023-06-09 18:36:39.600  INFO 5700 --- [           main] trationDelegate$BeanPostProcessorChecker : Bean 'org.springframework.transaction.annotation.ProxyTransactionManagementConfiguration' of type [org.springframework.transaction.annotation.ProxyTransactionManagementConfiguration$$EnhancerBySpringCGLIB$$fcda73ae] is not eligible for getting processed by all BeanPostProcessors (for example: not eligible for auto-proxying)
2023-06-09 18:36:44.098  INFO 5700 --- [           main] o.s.b.w.embedded.tomcat.TomcatWebServer  : Tomcat initialized with port(s): 8080 (http)
2023-06-09 18:36:44.246  INFO 5700 --- [           main] o.apache.catalina.core.StandardService   : Starting service [Tomcat]
2023-06-09 18:36:44.247  INFO 5700 --- [           main] org.apache.catalina.core.StandardEngine  : Starting Servlet engine: [Apache Tomcat/9.0.22]
2023-06-09 18:36:44.965  INFO 5700 --- [           main] o.a.c.c.C.[Tomcat].[localhost].[/]       : Initializing Spring embedded WebApplicationContext
2023-06-09 18:36:44.971  INFO 5700 --- [           main] o.s.web.context.ContextLoader            : Root WebApplicationContext: initialization completed in 11934 ms
2023-06-09 18:36:47.524  INFO 5700 --- [           main] com.zaxxer.hikari.HikariDataSource       : HikariPool-1 - Starting...
2023-06-09 18:36:48.548  INFO 5700 --- [           main] com.zaxxer.hikari.HikariDataSource       : HikariPool-1 - Start completed.
2023-06-09 18:36:49.096  INFO 5700 --- [           main] o.hibernate.jpa.internal.util.LogHelper  : HHH000204: Processing PersistenceUnitInfo [
	name: default
	...]
2023-06-09 18:36:49.973  INFO 5700 --- [           main] org.hibernate.Version                    : HHH000412: Hibernate Core {5.3.10.Final}
2023-06-09 18:36:49.985  INFO 5700 --- [           main] org.hibernate.cfg.Environment            : HHH000206: hibernate.properties not found
2023-06-09 18:36:50.729  INFO 5700 --- [           main] o.hibernate.annotations.common.Version   : HCANN000001: Hibernate Commons Annotations {5.0.4.Final}
2023-06-09 18:36:52.496  INFO 5700 --- [           main] org.hibernate.dialect.Dialect            : HHH000400: Using dialect: org.hibernate.dialect.H2Dialect
Hibernate: drop table habilidade if exists
Hibernate: drop table usuario if exists
Hibernate: create table habilidade (id bigint generated by default as identity, nome varchar(255) not null, usuario_id bigint, primary key (id))
Hibernate: create table usuario (id bigint generated by default as identity, cpf varchar(255) not null, data_nascimento date not null, email varchar(255) not null, endereco varchar(255) not null, nome varchar(255) not null, primary key (id))
Hibernate: alter table habilidade add constraint FKavrwqo94oi61e83nxsk9hq3a3 foreign key (usuario_id) references usuario
2023-06-09 18:36:56.655  INFO 5700 --- [           main] o.h.t.schema.internal.SchemaCreatorImpl  : HHH000476: Executing import script 'org.hibernate.tool.schema.internal.exec.ScriptSourceInputNonExistentImpl@125290e5'
2023-06-09 18:36:56.664  INFO 5700 --- [           main] j.LocalContainerEntityManagerFactoryBean : Initialized JPA EntityManagerFactory for persistence unit 'default'
2023-06-09 18:37:01.176  WARN 5700 --- [           main] aWebConfiguration$JpaWebMvcConfiguration : spring.jpa.open-in-view is enabled by default. Therefore, database queries may be performed during view rendering. Explicitly configure spring.jpa.open-in-view to disable this warning
2023-06-09 18:37:01.974  INFO 5700 --- [           main] o.s.s.concurrent.ThreadPoolTaskExecutor  : Initializing ExecutorService 'applicationTaskExecutor'
2023-06-09 18:37:02.554  INFO 5700 --- [           main] d.s.w.p.DocumentationPluginsBootstrapper : Context refreshed
2023-06-09 18:37:02.632  INFO 5700 --- [           main] d.s.w.p.DocumentationPluginsBootstrapper : Found 1 custom documentation plugin(s)
2023-06-09 18:37:02.711  INFO 5700 --- [           main] s.d.s.w.s.ApiListingReferenceScanner     : Scanning for api listing references
2023-06-09 18:37:03.597  INFO 5700 --- [           main] .d.s.w.r.o.CachingOperationNameGenerator : Generating unique operation named: atualizarUsingPUT_1
2023-06-09 18:37:03.804  INFO 5700 --- [           main] o.s.b.w.embedded.tomcat.TomcatWebServer  : Tomcat started on port(s): 8080 (http) with context path ''
2023-06-09 18:37:03.905  INFO 5700 --- [           main] dastroClienteItauPersonnaliteApplication : Started CadastroClienteItauPersonnaliteApplication in 33.148 seconds (JVM running for 36.831)
2023-06-09 18:38:17.822  INFO 5700 --- [io-8080-exec-10] o.a.c.c.C.[Tomcat].[localhost].[/]       : Initializing Spring DispatcherServlet 'dispatcherServlet'
2023-06-09 18:38:17.822  INFO 5700 --- [io-8080-exec-10] o.s.web.servlet.DispatcherServlet        : Initializing Servlet 'dispatcherServlet'
2023-06-09 18:38:17.834  INFO 5700 --- [io-8080-exec-10] o.s.web.servlet.DispatcherServlet        : Completed initialization in 12 ms
2023-06-09 18:38:18.116  INFO 5700 --- [io-8080-exec-10] o.h.h.i.QueryTranslatorFactoryInitiator  : HHH000397: Using ASTQueryTranslatorFactory
Hibernate: select usuario0_.id as id1_1_, usuario0_.cpf as cpf2_1_, usuario0_.data_nascimento as data_nas3_1_, usuario0_.email as email4_1_, usuario0_.endereco as endereco5_1_, usuario0_.nome as nome6_1_ from usuario usuario0_ where usuario0_.cpf=?
Hibernate: select usuario0_.id as id1_1_, usuario0_.cpf as cpf2_1_, usuario0_.data_nascimento as data_nas3_1_, usuario0_.email as email4_1_, usuario0_.endereco as endereco5_1_, usuario0_.nome as nome6_1_ from usuario usuario0_ where usuario0_.email=?
Hibernate: insert into usuario (id, cpf, data_nascimento, email, endereco, nome) values (null, ?, ?, ?, ?, ?)
Hibernate: insert into habilidade (id, nome, usuario_id) values (null, ?, ?)
Hibernate: select usuario0_.id as id1_1_, usuario0_.cpf as cpf2_1_, usuario0_.data_nascimento as data_nas3_1_, usuario0_.email as email4_1_, usuario0_.endereco as endereco5_1_, usuario0_.nome as nome6_1_ from usuario usuario0_ where usuario0_.cpf=?
Hibernate: select habilidade0_.usuario_id as usuario_3_0_0_, habilidade0_.id as id1_0_0_, habilidade0_.id as id1_0_1_, habilidade0_.nome as nome2_0_1_, habilidade0_.usuario_id as usuario_3_0_1_ from habilidade habilidade0_ where habilidade0_.usuario_id=?
Hibernate: select usuario0_.id as id1_1_, usuario0_.cpf as cpf2_1_, usuario0_.data_nascimento as data_nas3_1_, usuario0_.email as email4_1_, usuario0_.endereco as endereco5_1_, usuario0_.nome as nome6_1_ from usuario usuario0_ where usuario0_.email=?
Hibernate: select habilidade0_.usuario_id as usuario_3_0_0_, habilidade0_.id as id1_0_0_, habilidade0_.id as id1_0_1_, habilidade0_.nome as nome2_0_1_, habilidade0_.usuario_id as usuario_3_0_1_ from habilidade habilidade0_ where habilidade0_.usuario_id=?
Hibernate: select usuario0_.id as id1_1_, usuario0_.cpf as cpf2_1_, usuario0_.data_nascimento as data_nas3_1_, usuario0_.email as email4_1_, usuario0_.endereco as endereco5_1_, usuario0_.nome as nome6_1_ from usuario usuario0_ where usuario0_.cpf=?
Hibernate: select usuario0_.id as id1_1_, usuario0_.cpf as cpf2_1_, usuario0_.data_nascimento as data_nas3_1_, usuario0_.email as email4_1_, usuario0_.endereco as endereco5_1_, usuario0_.nome as nome6_1_ from usuario usuario0_ where usuario0_.email=?
